[debug] [2021-07-03T15:21:17.192Z] ----------------------------------------------------------------------
[debug] [2021-07-03T15:21:17.195Z] Command:       C:\Program Files\nodejs\node.exe C:\Users\OLO\AppData\Roaming\npm\node_modules\firebase-tools\lib\bin\firebase.js init
[debug] [2021-07-03T15:21:17.195Z] CLI Version:   9.11.0
[debug] [2021-07-03T15:21:17.195Z] Platform:      win32
[debug] [2021-07-03T15:21:17.195Z] Node Version:  v14.16.1
[debug] [2021-07-03T15:21:17.199Z] Time:          Sat Jul 03 2021 23:21:17 GMT+0800 (Singapore Standard Time)
[debug] [2021-07-03T15:21:17.199Z] ----------------------------------------------------------------------
[debug] 
[debug] [2021-07-03T15:21:17.202Z] >>> [apiv2][query] GET https://firebase-public.firebaseio.com/cli.json [none]
[debug] [2021-07-03T15:21:17.222Z] > command requires scopes: ["email","openid","https://www.googleapis.com/auth/cloudplatformprojects.readonly","https://www.googleapis.com/auth/firebase","https://www.googleapis.com/auth/cloud-platform"]
[debug] [2021-07-03T15:21:17.222Z] > authorizing via signed-in user (olopangs@gmail.com)
[info] 
     ######## #### ########  ######## ########     ###     ######  ########
     ##        ##  ##     ## ##       ##     ##  ##   ##  ##       ##
     ######    ##  ########  ######   ########  #########  ######  ######
     ##        ##  ##    ##  ##       ##     ## ##     ##       ## ##
     ##       #### ##     ## ######## ########  ##     ##  ######  ########

You're about to initialize a Firebase project in this directory:

  D:\OlopangUnity\cheese-factory

Before we get started, keep in mind:

  * You are initializing in an existing Firebase project directory

[debug] [2021-07-03T15:21:18.010Z] <<< [apiv2][status] GET https://firebase-public.firebaseio.com/cli.json 200
[debug] [2021-07-03T15:21:18.011Z] <<< [apiv2][body] GET https://firebase-public.firebaseio.com/cli.json {"cloudBuildErrorAfter":1594252800000,"cloudBuildWarnAfter":1590019200000,"defaultNode10After":1594252800000,"minVersion":"3.0.5","node8DeploysDisabledAfter":1613390400000,"node8RuntimeDisabledAfter":1615809600000,"node8WarnAfter":1600128000000}
